<?xml version="1.0" encoding="UTF-8"?>
<!-- Generated by org.testng.reporters.JUnitReportReporter -->
<testsuite hostname="PRC-20170801ZCL" name="HttpClient.HttpClientSpringboot.testCase.cookieTest" tests="1" failures="0" timestamp="14 Jun 2019 08:15:19 GMT" time="0.448" errors="0">
  <testcase name="testCookie" time="0.448" classname="HttpClient.HttpClientSpringboot.testCase.cookieTest"/>
</testsuite> <!-- HttpClient.HttpClientSpringboot.testCase.cookieTest -->
