<?xml version="1.0" encoding="UTF-8"?>
<!-- Generated by org.testng.reporters.JUnitReportReporter -->
<testsuite hostname="PRC-20170801ZCL" name="HttpClient.HttpClientSpringboot.testCase.postParamsTest" tests="1" failures="1" timestamp="17 Jun 2019 04:53:42 GMT" time="0.724" errors="0">
  <testcase name="postParamsDemo1" time="0.724" classname="HttpClient.HttpClientSpringboot.testCase.postParamsTest">
    <failure type="org.apache.http.ConnectionClosedException" message="Premature end of Content-Length delimited message body (expected: 36; received: 0)">
      <![CDATA[org.apache.http.ConnectionClosedException: Premature end of Content-Length delimited message body (expected: 36; received: 0)
	at org.apache.http.impl.io.ContentLengthInputStream.read(ContentLengthInputStream.java:178)
	at org.apache.http.conn.EofSensorInputStream.read(EofSensorInputStream.java:135)
	at sun.nio.cs.StreamDecoder.readBytes(StreamDecoder.java:284)
	at sun.nio.cs.StreamDecoder.implRead(StreamDecoder.java:326)
	at sun.nio.cs.StreamDecoder.read(StreamDecoder.java:178)
	at java.io.InputStreamReader.read(InputStreamReader.java:184)
	at java.io.Reader.read(Reader.java:140)
	at org.apache.http.util.EntityUtils.toString(EntityUtils.java:227)
	at org.apache.http.util.EntityUtils.toString(EntityUtils.java:270)
	at org.apache.http.util.EntityUtils.toString(EntityUtils.java:290)
	at HttpClient.HttpClientSpringboot.utils.reponseUtil.contentString(reponseUtil.java:20)
	at HttpClient.HttpClientSpringboot.testCase.postParamsTest.postParamsDemo1(postParamsTest.java:24)
	at sun.reflect.NativeMethodAccessorImpl.invoke0(Native Method)
	at sun.reflect.NativeMethodAccessorImpl.invoke(NativeMethodAccessorImpl.java:62)
	at sun.reflect.DelegatingMethodAccessorImpl.invoke(DelegatingMethodAccessorImpl.java:43)
	at java.lang.reflect.Method.invoke(Method.java:498)
	at org.testng.internal.MethodInvocationHelper.invokeMethod(MethodInvocationHelper.java:84)
	at org.testng.internal.Invoker.invokeMethod(Invoker.java:714)
	at org.testng.internal.Invoker.invokeTestMethod(Invoker.java:901)
	at org.testng.internal.Invoker.invokeTestMethods(Invoker.java:1231)
	at org.testng.internal.TestMethodWorker.invokeTestMethods(TestMethodWorker.java:127)
	at org.testng.internal.TestMethodWorker.run(TestMethodWorker.java:111)
	at org.testng.TestRunner.privateRun(TestRunner.java:767)
	at org.testng.TestRunner.run(TestRunner.java:617)
	at org.testng.SuiteRunner.runTest(SuiteRunner.java:335)
	at org.testng.SuiteRunner.runSequentially(SuiteRunner.java:330)
	at org.testng.SuiteRunner.privateRun(SuiteRunner.java:291)
	at org.testng.SuiteRunner.run(SuiteRunner.java:240)
	at org.testng.SuiteRunnerWorker.runSuite(SuiteRunnerWorker.java:52)
	at org.testng.SuiteRunnerWorker.run(SuiteRunnerWorker.java:86)
	at org.testng.TestNG.runSuitesSequentially(TestNG.java:1224)
	at org.testng.TestNG.runSuitesLocally(TestNG.java:1149)
	at org.testng.TestNG.run(TestNG.java:1057)
	at org.testng.remote.RemoteTestNG.run(RemoteTestNG.java:111)
	at org.testng.remote.RemoteTestNG.initAndRun(RemoteTestNG.java:204)
	at org.testng.remote.RemoteTestNG.main(RemoteTestNG.java:175)
]]>
    </failure>
  </testcase> <!-- postParamsDemo1 -->
</testsuite> <!-- HttpClient.HttpClientSpringboot.testCase.postParamsTest -->
