<?xml version="1.0" encoding="UTF-8"?>
<!-- Generated by org.testng.reporters.JUnitReportReporter -->
<testsuite hostname="PRC-20170801ZCL" name="HttpClient.HttpClientSpringboot.testCase.NewTest" tests="1" failures="0" timestamp="14 Jun 2019 03:15:29 GMT" time="0.456" errors="0">
  <testcase name="f" time="0.456" classname="HttpClient.HttpClientSpringboot.testCase.NewTest"/>
</testsuite> <!-- HttpClient.HttpClientSpringboot.testCase.NewTest -->
